Usuario: Michael Jordan - Fecha de Acceso: 27/05/2024 17:24:09 - Legajo: 5 - Perfil: administrador - Correo: admin@admin.com - Clave: 12345678
Usuario: Tilda Robinson - Fecha de Acceso: 27/05/2024 17:34:37 - Legajo: 4 - Perfil: supervisor - Correo: trobinson@super.com - Clave: 12345678
Usuario: Corey Gorgen - Fecha de Acceso: 27/05/2024 17:35:27 - Legajo: 1 - Perfil: vendedor - Correo: cgorgen@vendedor.com - Clave: 123abc45
Usuario: Michael Jordan - Fecha de Acceso: 27/05/2024 17:35:57 - Legajo: 5 - Perfil: administrador - Correo: admin@admin.com - Clave: 12345678
Usuario: Tilda Robinson - Fecha de Acceso: 27/05/2024 17:38:17 - Legajo: 4 - Perfil: supervisor - Correo: trobinson@super.com - Clave: 12345678
Usuario: Michael Jordan - Fecha de Acceso: 27/05/2024 17:43:38 - Legajo: 5 - Perfil: administrador - Correo: admin@admin.com - Clave: 12345678
Usuario: Michael Jordan - Fecha de Acceso: 27/05/2024 17:44:39 - Legajo: 5 - Perfil: administrador - Correo: admin@admin.com - Clave: 12345678
Usuario: Tilda Robinson - Fecha de Acceso: 27/05/2024 17:44:59 - Legajo: 4 - Perfil: supervisor - Correo: trobinson@super.com - Clave: 12345678
Usuario: Ingrid Harroll - Fecha de Acceso: 27/05/2024 17:45:26 - Legajo: 2 - Perfil: vendedor - Correo: iharroll@vendedor.com - Clave: qweasdzx
Usuario: Michael Jordan - Fecha de Acceso: 27/05/2024 17:57:38 - Legajo: 5 - Perfil: administrador - Correo: admin@admin.com - Clave: 12345678
Usuario: Michael Jordan - Fecha de Acceso: 27/05/2024 18:09:03 - Legajo: 5 - Perfil: administrador - Correo: admin@admin.com - Clave: 12345678
Usuario: Michael Jordan - Fecha de Acceso: 27/05/2024 18:10:46 - Legajo: 5 - Perfil: administrador - Correo: admin@admin.com - Clave: 12345678
Usuario: Michael Jordan - Fecha de Acceso: 27/05/2024 23:02:07 - Legajo: 5 - Perfil: administrador - Correo: admin@admin.com - Clave: 12345678
Usuario: Michael Jordan - Fecha de Acceso: 27/05/2024 23:07:22 - Legajo: 5 - Perfil: administrador - Correo: admin@admin.com - Clave: 12345678
Usuario: Tilda Robinson - Fecha de Acceso: 27/05/2024 23:09:34 - Legajo: 4 - Perfil: supervisor - Correo: trobinson@super.com - Clave: 12345678
Usuario: Michael Jordan - Fecha de Acceso: 27/05/2024 23:11:13 - Legajo: 5 - Perfil: administrador - Correo: admin@admin.com - Clave: 12345678
Usuario: Michael Jordan - Fecha de Acceso: 27/05/2024 23:12:58 - Legajo: 5 - Perfil: administrador - Correo: admin@admin.com - Clave: 12345678
Usuario: Michael Jordan - Fecha de Acceso: 27/05/2024 23:18:17 - Legajo: 5 - Perfil: administrador - Correo: admin@admin.com - Clave: 12345678
Usuario: Michael Jordan - Fecha de Acceso: 27/05/2024 23:19:35 - Legajo: 5 - Perfil: administrador - Correo: admin@admin.com - Clave: 12345678
Usuario: Michael Jordan - Fecha de Acceso: 28/05/2024 00:12:06 - Legajo: 5 - Perfil: administrador - Correo: admin@admin.com - Clave: 12345678
Usuario: Tilda Robinson - Fecha de Acceso: 28/05/2024 00:32:56 - Legajo: 4 - Perfil: supervisor - Correo: trobinson@super.com - Clave: 12345678
Usuario: Michael Jordan - Fecha de Acceso: 28/05/2024 01:33:55 - Legajo: 5 - Perfil: administrador - Correo: admin@admin.com - Clave: 12345678
Usuario: Tilda Robinson - Fecha de Acceso: 28/05/2024 01:47:38 - Legajo: 4 - Perfil: supervisor - Correo: trobinson@super.com - Clave: 12345678
Usuario: Tilda Robinson - Fecha de Acceso: 28/05/2024 10:24:09 - Legajo: 4 - Perfil: supervisor - Correo: trobinson@super.com - Clave: 12345678
Usuario: Tilda Robinson - Fecha de Acceso: 28/05/2024 10:54:51 - Legajo: 4 - Perfil: supervisor - Correo: trobinson@super.com - Clave: 12345678
Usuario: Tilda Robinson - Fecha de Acceso: 28/05/2024 11:03:58 - Legajo: 4 - Perfil: supervisor - Correo: trobinson@super.com - Clave: 12345678
Usuario: Tilda Robinson - Fecha de Acceso: 28/05/2024 11:18:02 - Legajo: 4 - Perfil: supervisor - Correo: trobinson@super.com - Clave: 12345678
Usuario: Michael Jordan - Fecha de Acceso: 28/05/2024 11:21:06 - Legajo: 5 - Perfil: administrador - Correo: admin@admin.com - Clave: 12345678
Usuario: Michael Jordan - Fecha de Acceso: 28/05/2024 11:30:56 - Legajo: 5 - Perfil: administrador - Correo: admin@admin.com - Clave: 12345678
Usuario: Steve Harris - Fecha de Acceso: 28/05/2024 11:40:30 - Legajo: 3 - Perfil: vendedor - Correo: sharris@maiden.com.uk - Clave: eddie666
